{"numTotalTestSuites":259,"numPassedTestSuites":232,"numFailedTestSuites":27,"numPendingTestSuites":0,"numTotalTests":511,"numPassedTests":494,"numFailedTests":17,"numPendingTests":0,"numTodoTests":0,"snapshot":{"added":0,"failure":false,"filesAdded":0,"filesRemoved":0,"filesRemovedList":[],"filesUnmatched":0,"filesUpdated":0,"matched":0,"total":0,"unchecked":0,"uncheckedKeysByFile":[],"unmatched":0,"updated":0,"didUpdate":false},"startTime":1769838999141,"success":false,"testResults":[{"assertionResults":[{"ancestorTitles":["Introspection API"],"fullName":"Introspection API captures mutation history","status":"passed","title":"captures mutation history","duration":16.28756199999998,"failureMessages":[],"meta":{}},{"ancestorTitles":["Introspection API"],"fullName":"Introspection API captures dependency graph","status":"passed","title":"captures dependency graph","duration":1.3549310000000219,"failureMessages":[],"meta":{}},{"ancestorTitles":["Introspection API"],"fullName":"Introspection API throws structured errors for cycles","status":"passed","title":"throws structured errors for cycles","duration":14.86832899999996,"failureMessages":[],"meta":{}}],"startTime":1769839000108,"endTime":1769839000140.8684,"status":"passed","message":"","name":"/home/fmdm/dev/ownk/mutts/tests/agent-capabilities.test.ts"},{"assertionResults":[{"ancestorTitles":["Decorator System","Method Decorators"],"fullName":"Decorator System Method Decorators should wrap method calls","status":"passed","title":"should wrap method calls","duration":1.6860659999999825,"failureMessages":[],"meta":{}},{"ancestorTitles":["Decorator System","Method Decorators"],"fullName":"Decorator System Method Decorators should work with multiple methods","status":"passed","title":"should work with multiple methods","duration":0.43900899999999865,"failureMessages":[],"meta":{}},{"ancestorTitles":["Decorator System","Class Decorators"],"fullName":"Decorator System Class Decorators should modify class behavior","status":"passed","title":"should modify class behavior","duration":1.2654019999999946,"failureMessages":[],"meta":{}},{"ancestorTitles":["Decorator System","Class Decorators"],"fullName":"Decorator System Class Decorators should work with class inheritance","status":"passed","title":"should work with class inheritance","duration":0.4774810000000116,"failureMessages":[],"meta":{}},{"ancestorTitles":["Decorator System","Getter Decorators"],"fullName":"Decorator System Getter Decorators should wrap getter calls","status":"passed","title":"should wrap getter calls","duration":0.7438720000000103,"failureMessages":[],"meta":{}},{"ancestorTitles":["Decorator System","Getter Decorators"],"fullName":"Decorator System Getter Decorators should work with multiple getters","status":"passed","title":"should work with multiple getters","duration":0.5092689999999607,"failureMessages":[],"meta":{}},{"ancestorTitles":["Decorator System","Setter Decorators"],"fullName":"Decorator System Setter Decorators should wrap setter calls","status":"passed","title":"should wrap setter calls","duration":0.40491200000002436,"failureMessages":[],"meta":{}},{"ancestorTitles":["Decorator System","Setter Decorators"],"fullName":"Decorator System Setter Decorators should work with multiple setters","status":"passed","title":"should work with multiple setters","duration":0.468640999999991,"failureMessages":[],"meta":{}},{"ancestorTitles":["Decorator System","Combined Decorators"],"fullName":"Decorator System Combined Decorators should work with method and class decorators together","status":"passed","title":"should work with method and class decorators together","duration":0.5205030000000193,"failureMessages":[],"meta":{}},{"ancestorTitles":["Decorator System","Combined Decorators"],"fullName":"Decorator System Combined Decorators should work with getter and setter decorators on different properties","status":"passed","title":"should work with getter and setter decorators on different properties","duration":0.4491160000000036,"failureMessages":[],"meta":{}},{"ancestorTitles":["Decorator System","Combined Decorators"],"fullName":"Decorator System Combined Decorators should work with all decorator types together","status":"passed","title":"should work with all decorator types together","duration":0.4229520000000093,"failureMessages":[],"meta":{}},{"ancestorTitles":["Decorator System","Combined Decorators"],"fullName":"Decorator System Combined Decorators should call all decorator types without changing behavior","status":"passed","title":"should call all decorator types without changing behavior","duration":1.1639800000000378,"failureMessages":[],"meta":{}},{"ancestorTitles":["Decorator System","Combined Decorators"],"fullName":"Decorator System Combined Decorators should call setter decorator without changing behavior","status":"passed","title":"should call setter decorator without changing behavior","duration":0.4424659999999676,"failureMessages":[],"meta":{}},{"ancestorTitles":["Decorator System","Error Handling"],"fullName":"Decorator System Error Handling should throw error when decorator is applied to wrong target","status":"passed","title":"should throw error when decorator is applied to wrong target","duration":1.4523619999999937,"failureMessages":[],"meta":{}},{"ancestorTitles":["Decorator System","Error Handling"],"fullName":"Decorator System Error Handling should throw error when class decorator is applied to method","status":"passed","title":"should throw error when class decorator is applied to method","duration":0.39635199999997894,"failureMessages":[],"meta":{}},{"ancestorTitles":["Decorator System","Error Handling"],"fullName":"Decorator System Error Handling should throw error when getter decorator is applied to method","status":"passed","title":"should throw error when getter decorator is applied to method","duration":0.34339800000003606,"failureMessages":[],"meta":{}},{"ancestorTitles":["Decorator System","Error Handling"],"fullName":"Decorator System Error Handling should throw error when decorating a field","status":"passed","title":"should throw error when decorating a field","duration":0.2853529999999864,"failureMessages":[],"meta":{}}],"startTime":1769839000107,"endTime":1769839000120.2854,"status":"passed","message":"","name":"/home/fmdm/dev/ownk/mutts/tests/decorator.test.ts"},{"assertionResults":[{"ancestorTitles":["Destroyable","with base class and destructor object"],"fullName":"Destroyable with base class and destructor object should create destroyable class with custom destructor","status":"passed","title":"should create destroyable class with custom destructor","duration":10.706736999999976,"failureMessages":[],"meta":{}},{"ancestorTitles":["Destroyable","with base class and destructor object"],"fullName":"Destroyable with base class and destructor object should pass constructor arguments to base class","status":"passed","title":"should pass constructor arguments to base class","duration":0.27299600000003466,"failureMessages":[],"meta":{}},{"ancestorTitles":["Destroyable","with base class and destructor object"],"fullName":"Destroyable with base class and destructor object should throw error when accessing destroyed object","status":"passed","title":"should throw error when accessing destroyed object","duration":0.520891000000006,"failureMessages":[],"meta":{}},{"ancestorTitles":["Destroyable","with destructor object only"],"fullName":"Destroyable with destructor object only should create destroyable class from scratch","status":"passed","title":"should create destroyable class from scratch","duration":0.43541800000002695,"failureMessages":[],"meta":{}},{"ancestorTitles":["Destroyable","with base class only"],"fullName":"Destroyable with base class only should create destroyable class with default destructor","status":"passed","title":"should create destroyable class with default destructor","duration":0.2972130000000561,"failureMessages":[],"meta":{}},{"ancestorTitles":["Destroyable","class with [destructor] method"],"fullName":"Destroyable class with [destructor] method should call [destructor] method with allocated values","status":"passed","title":"should call [destructor] method with allocated values","duration":6.154046999999991,"failureMessages":[],"meta":{}},{"ancestorTitles":["Destroyable","decorators usage"],"fullName":"Destroyable decorators usage should collect allocated from decorators","status":"passed","title":"should collect allocated from decorators","duration":7.732287999999926,"failureMessages":[],"meta":{}}],"startTime":1769838999739,"endTime":1769838999765.7322,"status":"passed","message":"","name":"/home/fmdm/dev/ownk/mutts/tests/destroyable.test.ts"},{"assertionResults":[{"ancestorTitles":["Eventful","basic functionality"],"fullName":"Eventful basic functionality should register and emit single events","status":"passed","title":"should register and emit single events","duration":4.725804000000039,"failureMessages":[],"meta":{}},{"ancestorTitles":["Eventful","basic functionality"],"fullName":"Eventful basic functionality should register and emit events with no parameters","status":"passed","title":"should register and emit events with no parameters","duration":0.3509180000000356,"failureMessages":[],"meta":{}},{"ancestorTitles":["Eventful","basic functionality"],"fullName":"Eventful basic functionality should register and emit events with primitive parameters","status":"passed","title":"should register and emit events with primitive parameters","duration":0.32239199999997936,"failureMessages":[],"meta":{}},{"ancestorTitles":["Eventful","multiple listeners"],"fullName":"Eventful multiple listeners should support multiple listeners for the same event","status":"passed","title":"should support multiple listeners for the same event","duration":4.09908200000001,"failureMessages":[],"meta":{}},{"ancestorTitles":["Eventful","multiple listeners"],"fullName":"Eventful multiple listeners should call all listeners in registration order","status":"passed","title":"should call all listeners in registration order","duration":0.7797379999999521,"failureMessages":[],"meta":{}},{"ancestorTitles":["Eventful","unsubscribe functionality"],"fullName":"Eventful unsubscribe functionality should return unsubscribe function for single event","status":"passed","title":"should return unsubscribe function for single event","duration":0.46405700000002525,"failureMessages":[],"meta":{}},{"ancestorTitles":["Eventful","unsubscribe functionality"],"fullName":"Eventful unsubscribe functionality should unsubscribe specific callback when provided","status":"passed","title":"should unsubscribe specific callback when provided","duration":0.35325900000003685,"failureMessages":[],"meta":{}},{"ancestorTitles":["Eventful","unsubscribe functionality"],"fullName":"Eventful unsubscribe functionality should remove all listeners when no callback provided to off","status":"passed","title":"should remove all listeners when no callback provided to off","duration":0.26527899999996407,"failureMessages":[],"meta":{}},{"ancestorTitles":["Eventful","bulk event registration"],"fullName":"Eventful bulk event registration should register multiple events at once","status":"passed","title":"should register multiple events at once","duration":5.223535999999967,"failureMessages":[],"meta":{}},{"ancestorTitles":["Eventful","bulk event registration"],"fullName":"Eventful bulk event registration should unsubscribe multiple events at once","status":"passed","title":"should unsubscribe multiple events at once","duration":0.5541719999999941,"failureMessages":[],"meta":{}},{"ancestorTitles":["Eventful","global hooks"],"fullName":"Eventful global hooks should call global hooks for all events","status":"passed","title":"should call global hooks for all events","duration":4.812024000000008,"failureMessages":[],"meta":{}},{"ancestorTitles":["Eventful","global hooks"],"fullName":"Eventful global hooks should support multiple global hooks","status":"passed","title":"should support multiple global hooks","duration":0.32632300000000214,"failureMessages":[],"meta":{}},{"ancestorTitles":["Eventful","global hooks"],"fullName":"Eventful global hooks should return unsubscribe function for hooks","status":"passed","title":"should return unsubscribe function for hooks","duration":0.21621599999997443,"failureMessages":[],"meta":{}},{"ancestorTitles":["Eventful","global hooks"],"fullName":"Eventful global hooks should prevent duplicate hook registration","status":"passed","title":"should prevent duplicate hook registration","duration":0.1346889999999803,"failureMessages":[],"meta":{}},{"ancestorTitles":["Eventful","combined functionality"],"fullName":"Eventful combined functionality should call both specific listeners and global hooks","status":"passed","title":"should call both specific listeners and global hooks","duration":0.2270770000000084,"failureMessages":[],"meta":{}},{"ancestorTitles":["Eventful","combined functionality"],"fullName":"Eventful combined functionality should handle complex event scenarios","status":"passed","title":"should handle complex event scenarios","duration":0.3792569999999955,"failureMessages":[],"meta":{}},{"ancestorTitles":["Eventful","edge cases"],"fullName":"Eventful edge cases should handle emitting events with no listeners","status":"passed","title":"should handle emitting events with no listeners","duration":1.5352480000000241,"failureMessages":[],"meta":{}},{"ancestorTitles":["Eventful","edge cases"],"fullName":"Eventful edge cases should handle unsubscribing non-existent callbacks","status":"passed","title":"should handle unsubscribing non-existent callbacks","duration":0.38818400000002384,"failureMessages":[],"meta":{}},{"ancestorTitles":["Eventful","edge cases"],"fullName":"Eventful edge cases should handle unsubscribing from non-existent events","status":"passed","title":"should handle unsubscribing from non-existent events","duration":0.2012510000000134,"failureMessages":[],"meta":{}},{"ancestorTitles":["Eventful","edge cases"],"fullName":"Eventful edge cases should handle multiple unsubscribes of the same callback","status":"passed","title":"should handle multiple unsubscribes of the same callback","duration":0.1311300000000415,"failureMessages":[],"meta":{}},{"ancestorTitles":["Eventful","type safety"],"fullName":"Eventful type safety should enforce correct parameter types","status":"passed","title":"should enforce correct parameter types","duration":0.25612599999999475,"failureMessages":[],"meta":{}}],"startTime":1769838999865,"endTime":1769838999897.256,"status":"passed","message":"","name":"/home/fmdm/dev/ownk/mutts/tests/eventful.test.ts"},{"assertionResults":[{"ancestorTitles":["Indexable","Indexable(base, accessor)"],"fullName":"Indexable Indexable(base, accessor) should create indexable class with custom accessor","status":"passed","title":"should create indexable class with custom accessor","duration":2.398885000000007,"failureMessages":[],"meta":{}},{"ancestorTitles":["Indexable","Indexable(base, accessor)"],"fullName":"Indexable Indexable(base, accessor) should handle different item types","status":"passed","title":"should handle different item types","duration":0.5773519999999621,"failureMessages":[],"meta":{}},{"ancestorTitles":["Indexable","Indexable(base, accessor)"],"fullName":"Indexable Indexable(base, accessor) should preserve base class methods","status":"passed","title":"should preserve base class methods","duration":0.47483400000004394,"failureMessages":[],"meta":{}},{"ancestorTitles":["Indexable","Indexable(base with getAt and setAt methods)"],"fullName":"Indexable Indexable(base with getAt and setAt methods) should use the base class getAt and setAt methods","status":"passed","title":"should use the base class getAt and setAt methods","duration":0.7551090000000045,"failureMessages":[],"meta":{}},{"ancestorTitles":["Indexable","Indexable(base with getAt and setAt methods)"],"fullName":"Indexable Indexable(base with getAt and setAt methods) should work with custom getAt and setAt implementation","status":"passed","title":"should work with custom getAt and setAt implementation","duration":0.4654639999999972,"failureMessages":[],"meta":{}},{"ancestorTitles":["Indexable","Indexable(base with getAt and setAt methods)"],"fullName":"Indexable Indexable(base with getAt and setAt methods) should throw when setAt method is missing","status":"passed","title":"should throw when setAt method is missing","duration":1.168498999999997,"failureMessages":[],"meta":{}},{"ancestorTitles":["Indexable","Indexable()"],"fullName":"Indexable Indexable() should create abstract class with abstract getAt method","status":"passed","title":"should create abstract class with abstract getAt method","duration":0.5449919999999793,"failureMessages":[],"meta":{}},{"ancestorTitles":["Indexable","Indexable()"],"fullName":"Indexable Indexable() should enforce getAt method implementation","status":"passed","title":"should enforce getAt method implementation","duration":0.5286040000000298,"failureMessages":[],"meta":{}},{"ancestorTitles":["Indexable","edge cases"],"fullName":"Indexable edge cases should handle out of bounds access","status":"passed","title":"should handle out of bounds access","duration":0.5709860000000049,"failureMessages":[],"meta":{}},{"ancestorTitles":["Indexable","edge cases"],"fullName":"Indexable edge cases should handle empty arrays","status":"passed","title":"should handle empty arrays","duration":0.36104899999997997,"failureMessages":[],"meta":{}},{"ancestorTitles":["Indexable","edge cases"],"fullName":"Indexable edge cases should not interfere with non-numeric properties","status":"passed","title":"should not interfere with non-numeric properties","duration":0.4174229999999852,"failureMessages":[],"meta":{}},{"ancestorTitles":["Indexable","edge cases"],"fullName":"Indexable edge cases should not interfere with setting non-numeric properties","status":"passed","title":"should not interfere with setting non-numeric properties","duration":0.3163099999999872,"failureMessages":[],"meta":{}},{"ancestorTitles":["Indexable","integration tests"],"fullName":"Indexable integration tests should work with complex objects","status":"passed","title":"should work with complex objects","duration":0.523871999999983,"failureMessages":[],"meta":{}},{"ancestorTitles":["Indexable","integration tests"],"fullName":"Indexable integration tests should support multiple inheritance levels","status":"passed","title":"should support multiple inheritance levels","duration":0.24926400000003923,"failureMessages":[],"meta":{}},{"ancestorTitles":["Indexable","integration tests"],"fullName":"Indexable integration tests should support setting with custom logic","status":"passed","title":"should support setting with custom logic","duration":0.17620899999997164,"failureMessages":[],"meta":{}},{"ancestorTitles":["Indexable","Indexable(accessor)"],"fullName":"Indexable Indexable(accessor) should create indexable object with custom accessor","status":"passed","title":"should create indexable object with custom accessor","duration":0.23360100000002149,"failureMessages":[],"meta":{}},{"ancestorTitles":["Indexable","Indexable(accessor)"],"fullName":"Indexable Indexable(accessor) should create indexable object with custom getter and setter","status":"passed","title":"should create indexable object with custom getter and setter","duration":0.2658330000000433,"failureMessages":[],"meta":{}},{"ancestorTitles":["Indexable","Indexable(accessor)"],"fullName":"Indexable Indexable(accessor) should support transformation in setter","status":"passed","title":"should support transformation in setter","duration":0.21468400000003385,"failureMessages":[],"meta":{}},{"ancestorTitles":["Indexable","Indexable(accessor)"],"fullName":"Indexable Indexable(accessor) should throw if setter is missing and assignment is attempted","status":"passed","title":"should throw if setter is missing and assignment is attempted","duration":0.35833100000002105,"failureMessages":[],"meta":{}}],"startTime":1769839000277,"endTime":1769839000290.3584,"status":"passed","message":"","name":"/home/fmdm/dev/ownk/mutts/tests/indexable.test.ts"},{"assertionResults":[],"startTime":1769838999141,"endTime":1769838999141,"status":"failed","message":"One must import the library from the server or the client side","name":"/home/fmdm/dev/ownk/mutts/tests/iterableWeak.test.ts"},{"assertionResults":[{"ancestorTitles":["Mixins","mixin"],"fullName":"Mixins mixin should work as a base class","status":"passed","title":"should work as a base class","duration":1.6666620000000023,"failureMessages":[],"meta":{}},{"ancestorTitles":["Mixins","mixin"],"fullName":"Mixins mixin should work as a mixin function","status":"passed","title":"should work as a mixin function","duration":0.8008360000000039,"failureMessages":[],"meta":{}},{"ancestorTitles":["Mixins","mixin"],"fullName":"Mixins mixin should cache mixin results","status":"passed","title":"should cache mixin results","duration":0.32836400000002186,"failureMessages":[],"meta":{}},{"ancestorTitles":["Mixins","mixin"],"fullName":"Mixins mixin should throw error when called without base class","status":"passed","title":"should throw error when called without base class","duration":0.8515210000000195,"failureMessages":[],"meta":{}},{"ancestorTitles":["Mixins","mixin"],"fullName":"Mixins mixin should throw error when called with non-function","status":"passed","title":"should throw error when called with non-function","duration":0.3367879999999843,"failureMessages":[],"meta":{}},{"ancestorTitles":["Mixins","mixin"],"fullName":"Mixins mixin should work with eventful-like functionality","status":"passed","title":"should work with eventful-like functionality","duration":0.5137789999999995,"failureMessages":[],"meta":{}},{"ancestorTitles":["Mixins","mixin"],"fullName":"Mixins mixin should work with mixin composition for Reactive<Eventful<Events>>(Eventful) pattern","status":"passed","title":"should work with mixin composition for Reactive<Eventful<Events>>(Eventful) pattern","duration":0.6007630000000006,"failureMessages":[],"meta":{}}],"startTime":1769839000359,"endTime":1769839000364.6008,"status":"passed","message":"","name":"/home/fmdm/dev/ownk/mutts/tests/mixins.test.ts"},{"assertionResults":[{"ancestorTitles":["chain","basic functionality"],"fullName":"chain basic functionality should return non-promise values as-is","status":"passed","title":"should return non-promise values as-is","duration":2.117779999999982,"failureMessages":[],"meta":{}},{"ancestorTitles":["chain","basic functionality"],"fullName":"chain basic functionality should chain method calls on resolved promise values","status":"passed","title":"should chain method calls on resolved promise values","duration":0.801179999999988,"failureMessages":[],"meta":{}},{"ancestorTitles":["chain","basic functionality"],"fullName":"chain basic functionality should support multiple method chaining","status":"passed","title":"should support multiple method chaining","duration":0.5156610000000228,"failureMessages":[],"meta":{}},{"ancestorTitles":["chain","basic functionality"],"fullName":"chain basic functionality should handle async methods","status":"passed","title":"should handle async methods","duration":0.8211370000000215,"failureMessages":[],"meta":{}},{"ancestorTitles":["chain","basic functionality"],"fullName":"chain basic functionality should handle methods with parameters","status":"passed","title":"should handle methods with parameters","duration":0.6282600000000116,"failureMessages":[],"meta":{}},{"ancestorTitles":["chain","function calls"],"fullName":"chain function calls should allow calling the resolved value as a function","status":"passed","title":"should allow calling the resolved value as a function","duration":0.36293000000000575,"failureMessages":[],"meta":{}},{"ancestorTitles":["chain","function calls"],"fullName":"chain function calls should handle async functions","status":"passed","title":"should handle async functions","duration":0.41755000000000564,"failureMessages":[],"meta":{}},{"ancestorTitles":["chain","complex scenarios"],"fullName":"chain complex scenarios should handle nested object methods","status":"passed","title":"should handle nested object methods","duration":0.5185379999999782,"failureMessages":[],"meta":{}},{"ancestorTitles":["chain","complex scenarios"],"fullName":"chain complex scenarios should handle array methods","status":"passed","title":"should handle array methods","duration":0.907701999999972,"failureMessages":[],"meta":{}},{"ancestorTitles":["chain","complex scenarios"],"fullName":"chain complex scenarios should handle methods that return promises","status":"passed","title":"should handle methods that return promises","duration":0.600402000000031,"failureMessages":[],"meta":{}},{"ancestorTitles":["chain","complex scenarios"],"fullName":"chain complex scenarios should handle methods that return promises recursively","status":"passed","title":"should handle methods that return promises recursively","duration":0.36281999999999925,"failureMessages":[],"meta":{}},{"ancestorTitles":["chain","error handling"],"fullName":"chain error handling should handle methods that throw errors","status":"passed","title":"should handle methods that throw errors","duration":1.6006939999999759,"failureMessages":[],"meta":{}},{"ancestorTitles":["chain","edge cases"],"fullName":"chain edge cases should handle null and undefined values","status":"passed","title":"should handle null and undefined values","duration":0.28195299999998724,"failureMessages":[],"meta":{}},{"ancestorTitles":["chain","edge cases"],"fullName":"chain edge cases should handle primitive values","status":"passed","title":"should handle primitive values","duration":0.24953400000003967,"failureMessages":[],"meta":{}},{"ancestorTitles":["chain","edge cases"],"fullName":"chain edge cases should handle objects without methods","status":"passed","title":"should handle objects without methods","duration":0.25107200000002194,"failureMessages":[],"meta":{}},{"ancestorTitles":["chain","edge cases"],"fullName":"chain edge cases should handle symbols as property names","status":"passed","title":"should handle symbols as property names","duration":2.1429529999999772,"failureMessages":[],"meta":{}}],"startTime":1769839000143,"endTime":1769839000158.143,"status":"passed","message":"","name":"/home/fmdm/dev/ownk/mutts/tests/promiseChain.test.ts"},{"assertionResults":[{"ancestorTitles":["ReactiveBase as Mixin"],"fullName":"ReactiveBase as Mixin should work as a base class (backward compatibility)","status":"passed","title":"should work as a base class (backward compatibility)","duration":5.468998999999997,"failureMessages":[],"meta":{}},{"ancestorTitles":["ReactiveBase as Mixin"],"fullName":"ReactiveBase as Mixin should work as a mixin function","status":"passed","title":"should work as a mixin function","duration":1.3502509999999859,"failureMessages":[],"meta":{}},{"ancestorTitles":["ReactiveBase as Mixin"],"fullName":"ReactiveBase as Mixin should cache mixin results","status":"passed","title":"should cache mixin results","duration":0.34577600000000075,"failureMessages":[],"meta":{}},{"ancestorTitles":["ReactiveBase as Mixin"],"fullName":"ReactiveBase as Mixin should work with complex inheritance","status":"passed","title":"should work with complex inheritance","duration":2.1607230000000186,"failureMessages":[],"meta":{}},{"ancestorTitles":["ReactiveBase as Mixin"],"fullName":"ReactiveBase as Mixin should work with @reactive decorator","status":"passed","title":"should work with @reactive decorator","duration":1.087853999999993,"failureMessages":[],"meta":{}}],"startTime":1769839000392,"endTime":1769839000403.088,"status":"passed","message":"","name":"/home/fmdm/dev/ownk/mutts/tests/reactive-base-mixin.test.ts"},{"assertionResults":[],"startTime":1769838999141,"endTime":1769838999141,"status":"failed","message":"No test suite found in file /home/fmdm/dev/ownk/mutts/tests/std-decorators.test.ts","name":"/home/fmdm/dev/ownk/mutts/tests/std-decorators.test.ts"},{"assertionResults":[{"ancestorTitles":["Zone"],"fullName":"Zone basic with/active functionality","status":"passed","title":"basic with/active functionality","duration":1.9012859999999705,"failureMessages":[],"meta":{}},{"ancestorTitles":["Zone"],"fullName":"Zone root functionality overrides current value","status":"passed","title":"root functionality overrides current value","duration":0.5515330000000063,"failureMessages":[],"meta":{}},{"ancestorTitles":["Zone"],"fullName":"Zone zoned getter snapshots current state","status":"passed","title":"zoned getter snapshots current state","duration":0.39636899999999287,"failureMessages":[],"meta":{}},{"ancestorTitles":["ZoneHistory"],"fullName":"ZoneHistory tracks history and allows present access","status":"passed","title":"tracks history and allows present access","duration":0.8321559999999977,"failureMessages":[],"meta":{}},{"ancestorTitles":["ZoneHistory"],"fullName":"ZoneHistory throws on re-entry of historical zone","status":"passed","title":"throws on re-entry of historical zone","duration":1.1054550000000063,"failureMessages":[],"meta":{}},{"ancestorTitles":["ZoneAggregator"],"fullName":"ZoneAggregator merges multiple zones","status":"passed","title":"merges multiple zones","duration":0.4230360000000246,"failureMessages":[],"meta":{}},{"ancestorTitles":["ZoneAggregator"],"fullName":"ZoneAggregator with() on aggregator enters all zones","status":"passed","title":"with() on aggregator enters all zones","duration":1.1991460000000416,"failureMessages":[],"meta":{}},{"ancestorTitles":["Async Propagation"],"fullName":"Async Propagation async propagation works via async hooks","status":"passed","title":"async propagation works via async hooks","duration":4.41426100000001,"failureMessages":[],"meta":{}}],"startTime":1769839000166,"endTime":1769839000179.4143,"status":"passed","message":"","name":"/home/fmdm/dev/ownk/mutts/tests/zone.test.ts"},{"assertionResults":[{"ancestorTitles":["Array Performance Profiling","Array Access"],"fullName":"Array Performance Profiling Array Access benchmark: reactive array index access","status":"passed","title":"benchmark: reactive array index access","duration":868.981539,"failureMessages":[],"meta":{}},{"ancestorTitles":["Array Performance Profiling","Array Mutations"],"fullName":"Array Performance Profiling Array Mutations benchmark: push operations","status":"passed","title":"benchmark: push operations","duration":12.565168999999969,"failureMessages":[],"meta":{}},{"ancestorTitles":["Array Performance Profiling","Array Mutations"],"fullName":"Array Performance Profiling Array Mutations benchmark: splice operations","status":"passed","title":"benchmark: splice operations","duration":13.312947000000122,"failureMessages":[],"meta":{}},{"ancestorTitles":["Array Performance Profiling","Array Mutations"],"fullName":"Array Performance Profiling Array Mutations benchmark: array iteration methods","status":"passed","title":"benchmark: array iteration methods","duration":23.401055000000042,"failureMessages":[],"meta":{}},{"ancestorTitles":["Array Performance Profiling","Array Length Changes"],"fullName":"Array Performance Profiling Array Length Changes benchmark: length changes triggering effects","status":"passed","title":"benchmark: length changes triggering effects","duration":15.029418999999962,"failureMessages":[],"meta":{}}],"startTime":1769838999788,"endTime":1769839000722.0295,"status":"passed","message":"","name":"/home/fmdm/dev/ownk/mutts/tests/profiling/array.profile.test.ts"},{"assertionResults":[{"ancestorTitles":["Change Detection Performance","Effect Dispatch"],"fullName":"Change Detection Performance Effect Dispatch benchmark: single property change triggering one effect","status":"passed","title":"benchmark: single property change triggering one effect","duration":118.0457869999999,"failureMessages":[],"meta":{}},{"ancestorTitles":["Change Detection Performance","Effect Dispatch"],"fullName":"Change Detection Performance Effect Dispatch benchmark: single property change triggering multiple effects","status":"passed","title":"benchmark: single property change triggering multiple effects","duration":74.61571300000003,"failureMessages":[],"meta":{}},{"ancestorTitles":["Change Detection Performance","Effect Dispatch"],"fullName":"Change Detection Performance Effect Dispatch benchmark: multiple property changes","status":"passed","title":"benchmark: multiple property changes","duration":193.58463699999993,"failureMessages":[],"meta":{}},{"ancestorTitles":["Change Detection Performance","Batching"],"fullName":"Change Detection Performance Batching benchmark: batched changes vs individual changes","status":"passed","title":"benchmark: batched changes vs individual changes","duration":191.74309499999993,"failureMessages":[],"meta":{}},{"ancestorTitles":["Change Detection Performance","Deep Changes"],"fullName":"Change Detection Performance Deep Changes benchmark: nested property changes","status":"passed","title":"benchmark: nested property changes","duration":74.24367699999993,"failureMessages":[],"meta":{}},{"ancestorTitles":["Change Detection Performance","Deep Changes"],"fullName":"Change Detection Performance Deep Changes benchmark: object replacement vs property change","status":"passed","title":"benchmark: object replacement vs property change","duration":27.61344199999985,"failureMessages":[],"meta":{}}],"startTime":1769838999789,"endTime":1769839000469.6135,"status":"passed","message":"","name":"/home/fmdm/dev/ownk/mutts/tests/profiling/change.profile.test.ts"},{"assertionResults":[{"ancestorTitles":["Deep Watch Performance","Deep Watch Setup"],"fullName":"Deep Watch Performance Deep Watch Setup benchmark: deep watch traversal time","status":"passed","title":"benchmark: deep watch traversal time","duration":692.2242050000001,"failureMessages":[],"meta":{}},{"ancestorTitles":["Deep Watch Performance","Deep Watch Setup"],"fullName":"Deep Watch Performance Deep Watch Setup benchmark: deep watch on large arrays","status":"failed","title":"benchmark: deep watch on large arrays","duration":6965.516659000001,"failureMessages":["Error: STACK_TRACE_ERROR\n    at task (file:///home/fmdm/dev/ownk/mutts/node_modules/@vitest/runner/dist/index.js:796:27)\n    at Object.<anonymous> (file:///home/fmdm/dev/ownk/mutts/node_modules/@vitest/runner/dist/index.js:823:16)\n    at Object.<anonymous> (file:///home/fmdm/dev/ownk/mutts/node_modules/@vitest/runner/dist/index.js:615:28)\n    at chain (file:///home/fmdm/dev/ownk/mutts/node_modules/@vitest/runner/dist/chunk-tasks.js:9:14)\n    at /home/fmdm/dev/ownk/mutts/tests/profiling/deep-watch.profile.test.ts:38:3\n    at file:///home/fmdm/dev/ownk/mutts/node_modules/@vitest/runner/dist/index.js:901:40\n    at runWithSuite (file:///home/fmdm/dev/ownk/mutts/node_modules/@vitest/runner/dist/index.js:1195:8)\n    at Object.collect (file:///home/fmdm/dev/ownk/mutts/node_modules/@vitest/runner/dist/index.js:901:10)\n    at Object.collect (file:///home/fmdm/dev/ownk/mutts/node_modules/@vitest/runner/dist/index.js:905:54)\n    at processTicksAndRejections (node:internal/process/task_queues:105:5)\n    at Object.collect (file:///home/fmdm/dev/ownk/mutts/node_modules/@vitest/runner/dist/index.js:905:46)\n    at file:///home/fmdm/dev/ownk/mutts/node_modules/@vitest/runner/dist/index.js:1390:26\n    at collectTests (file:///home/fmdm/dev/ownk/mutts/node_modules/@vitest/runner/dist/index.js:1365:3)\n    at startTests (file:///home/fmdm/dev/ownk/mutts/node_modules/@vitest/runner/dist/index.js:1937:17)\n    at file:///home/fmdm/dev/ownk/mutts/node_modules/vitest/dist/chunks/base.CJ0Y4ePK.js:86:26"],"meta":{}},{"ancestorTitles":["Deep Watch Performance","Deep Watch Memory"],"fullName":"Deep Watch Performance Deep Watch Memory benchmark: memory overhead of deep watching","status":"passed","title":"benchmark: memory overhead of deep watching","duration":70.6456849999995,"failureMessages":[],"meta":{}},{"ancestorTitles":["Deep Watch Performance","Deep Watch Change Detection"],"fullName":"Deep Watch Performance Deep Watch Change Detection benchmark: nested property change detection","status":"passed","title":"benchmark: nested property change detection","duration":44.24126199999955,"failureMessages":[],"meta":{}},{"ancestorTitles":["Deep Watch Performance","Deep Watch Change Detection"],"fullName":"Deep Watch Performance Deep Watch Change Detection benchmark: deep watch with multiple nested changes","status":"passed","title":"benchmark: deep watch with multiple nested changes","duration":4821.1955480000015,"failureMessages":[],"meta":{}}],"startTime":1769838999789,"endTime":1769839012383.1956,"status":"failed","message":"","name":"/home/fmdm/dev/ownk/mutts/tests/profiling/deep-watch.profile.test.ts"},{"assertionResults":[{"ancestorTitles":["Memory Performance Profiling","Object Creation Memory"],"fullName":"Memory Performance Profiling Object Creation Memory benchmark: reactive object creation memory overhead","status":"passed","title":"benchmark: reactive object creation memory overhead","duration":33.49614699999995,"failureMessages":[],"meta":{}},{"ancestorTitles":["Memory Performance Profiling","Object Creation Memory"],"fullName":"Memory Performance Profiling Object Creation Memory benchmark: plain object creation vs reactive","status":"failed","title":"benchmark: plain object creation vs reactive","duration":35.896209999999996,"failureMessages":["AssertionError: expected 5.604632477559476 to be less than 5\n    at /home/fmdm/dev/ownk/mutts/tests/profiling/memory.profile.test.ts:54:21\n    at file:///home/fmdm/dev/ownk/mutts/node_modules/@vitest/runner/dist/index.js:145:11\n    at file:///home/fmdm/dev/ownk/mutts/node_modules/@vitest/runner/dist/index.js:915:26\n    at file:///home/fmdm/dev/ownk/mutts/node_modules/@vitest/runner/dist/index.js:1243:20\n    at new Promise (<anonymous>)\n    at runWithTimeout (file:///home/fmdm/dev/ownk/mutts/node_modules/@vitest/runner/dist/index.js:1209:10)\n    at file:///home/fmdm/dev/ownk/mutts/node_modules/@vitest/runner/dist/index.js:1653:37\n    at Traces.$ (file:///home/fmdm/dev/ownk/mutts/node_modules/vitest/dist/chunks/traces.CCmnQaNT.js:142:27)\n    at trace (file:///home/fmdm/dev/ownk/mutts/node_modules/vitest/dist/chunks/test.B8ej_ZHS.js:239:21)\n    at runTest (file:///home/fmdm/dev/ownk/mutts/node_modules/@vitest/runner/dist/index.js:1653:12)"],"meta":{}},{"ancestorTitles":["Memory Performance Profiling","Effect Memory"],"fullName":"Memory Performance Profiling Effect Memory benchmark: effect creation and cleanup memory","status":"passed","title":"benchmark: effect creation and cleanup memory","duration":28.626308999999992,"failureMessages":[],"meta":{}},{"ancestorTitles":["Memory Performance Profiling","Effect Memory"],"fullName":"Memory Performance Profiling Effect Memory benchmark: multiple effects memory overhead","status":"passed","title":"benchmark: multiple effects memory overhead","duration":55.79798500000004,"failureMessages":[],"meta":{}},{"ancestorTitles":["Memory Performance Profiling","Array Memory"],"fullName":"Memory Performance Profiling Array Memory benchmark: reactive array operations memory","status":"passed","title":"benchmark: reactive array operations memory","duration":14.535449999999969,"failureMessages":[],"meta":{}},{"ancestorTitles":["Memory Performance Profiling","Dependency Tracking Memory"],"fullName":"Memory Performance Profiling Dependency Tracking Memory benchmark: dependency tracking memory overhead","status":"passed","title":"benchmark: dependency tracking memory overhead","duration":30.475298000000066,"failureMessages":[],"meta":{}}],"startTime":1769838999789,"endTime":1769838999988.4753,"status":"failed","message":"","name":"/home/fmdm/dev/ownk/mutts/tests/profiling/memory.profile.test.ts"},{"assertionResults":[{"ancestorTitles":["Proxy Performance Profiling","Property Access Overhead"],"fullName":"Proxy Performance Profiling Property Access Overhead benchmark: reactive vs plain object property access","status":"passed","title":"benchmark: reactive vs plain object property access","duration":1253.9377140000001,"failureMessages":[],"meta":{}},{"ancestorTitles":["Proxy Performance Profiling","Property Access Overhead"],"fullName":"Proxy Performance Profiling Property Access Overhead benchmark: nested property access overhead","status":"passed","title":"benchmark: nested property access overhead","duration":913.4573759999998,"failureMessages":[],"meta":{}},{"ancestorTitles":["Proxy Performance Profiling","Property Access Overhead"],"fullName":"Proxy Performance Profiling Property Access Overhead benchmark: property writes overhead","status":"passed","title":"benchmark: property writes overhead","duration":651.9309289999997,"failureMessages":[],"meta":{}},{"ancestorTitles":["Proxy Performance Profiling","Reactive Object Creation"],"fullName":"Proxy Performance Profiling Reactive Object Creation benchmark: reactive() creation overhead","status":"failed","title":"benchmark: reactive() creation overhead","duration":5964.227812,"failureMessages":["Error: STACK_TRACE_ERROR\n    at task (file:///home/fmdm/dev/ownk/mutts/node_modules/@vitest/runner/dist/index.js:796:27)\n    at Object.<anonymous> (file:///home/fmdm/dev/ownk/mutts/node_modules/@vitest/runner/dist/index.js:823:16)\n    at Object.<anonymous> (file:///home/fmdm/dev/ownk/mutts/node_modules/@vitest/runner/dist/index.js:615:28)\n    at chain (file:///home/fmdm/dev/ownk/mutts/node_modules/@vitest/runner/dist/chunk-tasks.js:9:14)\n    at /home/fmdm/dev/ownk/mutts/tests/profiling/proxy.profile.test.ts:99:3\n    at file:///home/fmdm/dev/ownk/mutts/node_modules/@vitest/runner/dist/index.js:901:40\n    at runWithSuite (file:///home/fmdm/dev/ownk/mutts/node_modules/@vitest/runner/dist/index.js:1195:8)\n    at Object.collect (file:///home/fmdm/dev/ownk/mutts/node_modules/@vitest/runner/dist/index.js:901:10)\n    at Object.collect (file:///home/fmdm/dev/ownk/mutts/node_modules/@vitest/runner/dist/index.js:905:54)\n    at processTicksAndRejections (node:internal/process/task_queues:105:5)\n    at Object.collect (file:///home/fmdm/dev/ownk/mutts/node_modules/@vitest/runner/dist/index.js:905:46)\n    at file:///home/fmdm/dev/ownk/mutts/node_modules/@vitest/runner/dist/index.js:1390:26\n    at collectTests (file:///home/fmdm/dev/ownk/mutts/node_modules/@vitest/runner/dist/index.js:1365:3)\n    at startTests (file:///home/fmdm/dev/ownk/mutts/node_modules/@vitest/runner/dist/index.js:1937:17)\n    at file:///home/fmdm/dev/ownk/mutts/node_modules/vitest/dist/chunks/base.CJ0Y4ePK.js:86:26"],"meta":{}},{"ancestorTitles":["Proxy Performance Profiling","Reactive Object Creation"],"fullName":"Proxy Performance Profiling Reactive Object Creation benchmark: repeated reactive() calls on same object","status":"passed","title":"benchmark: repeated reactive() calls on same object","duration":360.60969300000033,"failureMessages":[],"meta":{}},{"ancestorTitles":["Proxy Performance Profiling","Prototype Chain Traversal"],"fullName":"Proxy Performance Profiling Prototype Chain Traversal benchmark: inherited property access","status":"passed","title":"benchmark: inherited property access","duration":464.5683449999997,"failureMessages":[],"meta":{}}],"startTime":1769838999788,"endTime":1769839009397.5684,"status":"failed","message":"","name":"/home/fmdm/dev/ownk/mutts/tests/profiling/proxy.profile.test.ts"},{"assertionResults":[{"ancestorTitles":["Dependency Tracking Performance","dependant() Overhead"],"fullName":"Dependency Tracking Performance dependant() Overhead benchmark: property access with active effect","status":"passed","title":"benchmark: property access with active effect","duration":383.71022500000004,"failureMessages":[],"meta":{}},{"ancestorTitles":["Dependency Tracking Performance","dependant() Overhead"],"fullName":"Dependency Tracking Performance dependant() Overhead benchmark: multiple property accesses in effect","status":"passed","title":"benchmark: multiple property accesses in effect","duration":139.4809029999999,"failureMessages":[],"meta":{}},{"ancestorTitles":["Dependency Tracking Performance","dependant() Overhead"],"fullName":"Dependency Tracking Performance dependant() Overhead benchmark: array iteration with tracking","status":"passed","title":"benchmark: array iteration with tracking","duration":68.84890800000016,"failureMessages":[],"meta":{}},{"ancestorTitles":["Dependency Tracking Performance","Effect Registration"],"fullName":"Dependency Tracking Performance Effect Registration benchmark: creating and cleaning up effects","status":"passed","title":"benchmark: creating and cleaning up effects","duration":89.01695299999983,"failureMessages":[],"meta":{}},{"ancestorTitles":["Dependency Tracking Performance","Effect Registration"],"fullName":"Dependency Tracking Performance Effect Registration benchmark: effect cleanup overhead","status":"passed","title":"benchmark: effect cleanup overhead","duration":30.35899399999994,"failureMessages":[],"meta":{}}],"startTime":1769838999789,"endTime":1769839000501.359,"status":"passed","message":"","name":"/home/fmdm/dev/ownk/mutts/tests/profiling/tracking.profile.test.ts"},{"assertionResults":[{"ancestorTitles":["Reactivity Analysis: allProps & deepTouch"],"fullName":"Reactivity Analysis: allProps & deepTouch should trigger allProps on property set (even if keys same)","status":"failed","title":"should trigger allProps on property set (even if keys same)","duration":2.6682739999999967,"failureMessages":["ReferenceError: jest is not defined\n    at /home/fmdm/dev/ownk/mutts/tests/reactive/analysis_all_props.test.ts:8:20\n    at file:///home/fmdm/dev/ownk/mutts/node_modules/@vitest/runner/dist/index.js:145:11\n    at file:///home/fmdm/dev/ownk/mutts/node_modules/@vitest/runner/dist/index.js:915:26\n    at file:///home/fmdm/dev/ownk/mutts/node_modules/@vitest/runner/dist/index.js:1243:20\n    at new Promise (<anonymous>)\n    at runWithTimeout (file:///home/fmdm/dev/ownk/mutts/node_modules/@vitest/runner/dist/index.js:1209:10)\n    at file:///home/fmdm/dev/ownk/mutts/node_modules/@vitest/runner/dist/index.js:1653:37\n    at Traces.$ (file:///home/fmdm/dev/ownk/mutts/node_modules/vitest/dist/chunks/traces.CCmnQaNT.js:142:27)\n    at trace (file:///home/fmdm/dev/ownk/mutts/node_modules/vitest/dist/chunks/test.B8ej_ZHS.js:239:21)\n    at runTest (file:///home/fmdm/dev/ownk/mutts/node_modules/@vitest/runner/dist/index.js:1653:12)"],"meta":{}},{"ancestorTitles":["Reactivity Analysis: allProps & deepTouch","with Deep Touch"],"fullName":"Reactivity Analysis: allProps & deepTouch with Deep Touch should suppress parent allProps when replacing object with deep touch (Optimization)","status":"failed","title":"should suppress parent allProps when replacing object with deep touch (Optimization)","duration":1.130318000000102,"failureMessages":["ReferenceError: jest is not defined\n    at /home/fmdm/dev/ownk/mutts/tests/reactive/analysis_all_props.test.ts:33:28\n    at file:///home/fmdm/dev/ownk/mutts/node_modules/@vitest/runner/dist/index.js:145:11\n    at file:///home/fmdm/dev/ownk/mutts/node_modules/@vitest/runner/dist/index.js:915:26\n    at file:///home/fmdm/dev/ownk/mutts/node_modules/@vitest/runner/dist/index.js:1243:20\n    at new Promise (<anonymous>)\n    at runWithTimeout (file:///home/fmdm/dev/ownk/mutts/node_modules/@vitest/runner/dist/index.js:1209:10)\n    at file:///home/fmdm/dev/ownk/mutts/node_modules/@vitest/runner/dist/index.js:1653:37\n    at Traces.$ (file:///home/fmdm/dev/ownk/mutts/node_modules/vitest/dist/chunks/traces.CCmnQaNT.js:142:27)\n    at trace (file:///home/fmdm/dev/ownk/mutts/node_modules/vitest/dist/chunks/test.B8ej_ZHS.js:239:21)\n    at runTest (file:///home/fmdm/dev/ownk/mutts/node_modules/@vitest/runner/dist/index.js:1653:12)"],"meta":{}},{"ancestorTitles":["Reactivity Analysis: allProps & deepTouch","with Deep Touch"],"fullName":"Reactivity Analysis: allProps & deepTouch with Deep Touch should STILL trigger nested allProps on deep touch even if keys same","status":"failed","title":"should STILL trigger nested allProps on deep touch even if keys same","duration":0.7118240000000924,"failureMessages":["ReferenceError: jest is not defined\n    at /home/fmdm/dev/ownk/mutts/tests/reactive/analysis_all_props.test.ts:50:34\n    at file:///home/fmdm/dev/ownk/mutts/node_modules/@vitest/runner/dist/index.js:145:11\n    at file:///home/fmdm/dev/ownk/mutts/node_modules/@vitest/runner/dist/index.js:915:26\n    at file:///home/fmdm/dev/ownk/mutts/node_modules/@vitest/runner/dist/index.js:1243:20\n    at new Promise (<anonymous>)\n    at runWithTimeout (file:///home/fmdm/dev/ownk/mutts/node_modules/@vitest/runner/dist/index.js:1209:10)\n    at file:///home/fmdm/dev/ownk/mutts/node_modules/@vitest/runner/dist/index.js:1653:37\n    at Traces.$ (file:///home/fmdm/dev/ownk/mutts/node_modules/vitest/dist/chunks/traces.CCmnQaNT.js:142:27)\n    at trace (file:///home/fmdm/dev/ownk/mutts/node_modules/vitest/dist/chunks/test.B8ej_ZHS.js:239:21)\n    at runTest (file:///home/fmdm/dev/ownk/mutts/node_modules/@vitest/runner/dist/index.js:1653:12)"],"meta":{}},{"ancestorTitles":["Reactivity Analysis: allProps & deepTouch","Memoization & touched1"],"fullName":"Reactivity Analysis: allProps & deepTouch Memoization & touched1 should invalidate memoize on property set","status":"passed","title":"should invalidate memoize on property set","duration":1.9842479999999796,"failureMessages":[],"meta":{}}],"startTime":1769838999738,"endTime":1769838999745.9841,"status":"failed","message":"","name":"/home/fmdm/dev/ownk/mutts/tests/reactive/analysis_all_props.test.ts"},{"assertionResults":[{"ancestorTitles":["ReactiveArray Optimization Tests","copyWithin optimization"],"fullName":"ReactiveArray Optimization Tests copyWithin optimization should only trigger effects for indices that are actually changed","status":"passed","title":"should only trigger effects for indices that are actually changed","duration":3.6442260000000033,"failureMessages":[],"meta":{}},{"ancestorTitles":["ReactiveArray Optimization Tests","copyWithin optimization"],"fullName":"ReactiveArray Optimization Tests copyWithin optimization should trigger effects for indices that ARE changed","status":"passed","title":"should trigger effects for indices that ARE changed","duration":1.437139000000002,"failureMessages":[],"meta":{}},{"ancestorTitles":["ReactiveArray Optimization Tests","every/some optimization","every"],"fullName":"ReactiveArray Optimization Tests every/some optimization every should correct results","status":"passed","title":"should correct results","duration":0.5278299999999945,"failureMessages":[],"meta":{}},{"ancestorTitles":["ReactiveArray Optimization Tests","every/some optimization","every"],"fullName":"ReactiveArray Optimization Tests every/some optimization every should stop tracking dependencies after finding a false value (short-circuit)","status":"passed","title":"should stop tracking dependencies after finding a false value (short-circuit)","duration":1.0457549999999856,"failureMessages":[],"meta":{}},{"ancestorTitles":["ReactiveArray Optimization Tests","every/some optimization","every"],"fullName":"ReactiveArray Optimization Tests every/some optimization every should track length if it iterates strictly to the end","status":"passed","title":"should track length if it iterates strictly to the end","duration":0.9617690000000039,"failureMessages":[],"meta":{}},{"ancestorTitles":["ReactiveArray Optimization Tests","every/some optimization","some"],"fullName":"ReactiveArray Optimization Tests every/some optimization some should correct results","status":"passed","title":"should correct results","duration":0.34932400000002417,"failureMessages":[],"meta":{}},{"ancestorTitles":["ReactiveArray Optimization Tests","every/some optimization","some"],"fullName":"ReactiveArray Optimization Tests every/some optimization some should stop tracking dependencies after finding a true value (short-circuit)","status":"passed","title":"should stop tracking dependencies after finding a true value (short-circuit)","duration":0.6073549999999841,"failureMessages":[],"meta":{}},{"ancestorTitles":["ReactiveArray Optimization Tests","splice edge cases"],"fullName":"ReactiveArray Optimization Tests splice edge cases should handle negative start index correctly","status":"passed","title":"should handle negative start index correctly","duration":0.7512279999999691,"failureMessages":[],"meta":{}},{"ancestorTitles":["ReactiveArray Optimization Tests","splice edge cases"],"fullName":"ReactiveArray Optimization Tests splice edge cases should handle start index > length correctly","status":"passed","title":"should handle start index > length correctly","duration":0.6616300000000024,"failureMessages":[],"meta":{}},{"ancestorTitles":["ReactiveArray Optimization Tests","splice edge cases"],"fullName":"ReactiveArray Optimization Tests splice edge cases should clamp deleteCount correctly","status":"passed","title":"should clamp deleteCount correctly","duration":0.4982210000000009,"failureMessages":[],"meta":{}},{"ancestorTitles":["ReactiveArray Optimization Tests","at optimization"],"fullName":"ReactiveArray Optimization Tests at optimization should track length when using negative index","status":"passed","title":"should track length when using negative index","duration":0.6270059999999944,"failureMessages":[],"meta":{}},{"ancestorTitles":["ReactiveArray Optimization Tests","at optimization"],"fullName":"ReactiveArray Optimization Tests at optimization should NOT track length when using positive index with sufficient range","status":"passed","title":"should NOT track length when using positive index with sufficient range","duration":0.3998589999999922,"failureMessages":[],"meta":{}},{"ancestorTitles":["ReactiveArray Optimization Tests","find/findIndex optimization"],"fullName":"ReactiveArray Optimization Tests find/findIndex optimization should short-circuit dependency tracking when element is found","status":"passed","title":"should short-circuit dependency tracking when element is found","duration":1.986409999999978,"failureMessages":[],"meta":{}},{"ancestorTitles":["ReactiveArray Optimization Tests","find/findIndex optimization"],"fullName":"ReactiveArray Optimization Tests find/findIndex optimization should track length if element is NOT found","status":"passed","title":"should track length if element is NOT found","duration":0.37279199999994717,"failureMessages":[],"meta":{}},{"ancestorTitles":["ReactiveArray Optimization Tests","find/findIndex optimization"],"fullName":"ReactiveArray Optimization Tests find/findIndex optimization findIndex should also short-circuit","status":"passed","title":"findIndex should also short-circuit","duration":0.23537499999997635,"failureMessages":[],"meta":{}},{"ancestorTitles":["ReactiveArray Optimization Tests","fill optimization"],"fullName":"ReactiveArray Optimization Tests fill optimization should only trigger changes for filled range","status":"passed","title":"should only trigger changes for filled range","duration":0.23309000000000424,"failureMessages":[],"meta":{}},{"ancestorTitles":["ReactiveArray Optimization Tests","fill optimization"],"fullName":"ReactiveArray Optimization Tests fill optimization should handle negative indices in fill","status":"passed","title":"should handle negative indices in fill","duration":0.1786040000000071,"failureMessages":[],"meta":{}},{"ancestorTitles":["ReactiveArray Optimization Tests","indexOf/lastIndexOf optimization"],"fullName":"ReactiveArray Optimization Tests indexOf/lastIndexOf optimization should short-circuit dependency tracking when element is found","status":"passed","title":"should short-circuit dependency tracking when element is found","duration":0.29004400000002306,"failureMessages":[],"meta":{}},{"ancestorTitles":["ReactiveArray Optimization Tests","indexOf/lastIndexOf optimization"],"fullName":"ReactiveArray Optimization Tests indexOf/lastIndexOf optimization should handle lastIndexOf optimization","status":"passed","title":"should handle lastIndexOf optimization","duration":0.26394300000004023,"failureMessages":[],"meta":{}}],"startTime":1769839000138,"endTime":1769839000155.264,"status":"passed","message":"","name":"/home/fmdm/dev/ownk/mutts/tests/reactive/array-optimisation.test.ts"},{"assertionResults":[{"ancestorTitles":["ReactiveArray","numeric index reactivity"],"fullName":"ReactiveArray numeric index reactivity should track dependencies when accessing numeric indexes","status":"passed","title":"should track dependencies when accessing numeric indexes","duration":3.884529000000043,"failureMessages":[],"meta":{}},{"ancestorTitles":["ReactiveArray","numeric index reactivity"],"fullName":"ReactiveArray numeric index reactivity should track dependencies when accessing multiple indexes","status":"passed","title":"should track dependencies when accessing multiple indexes","duration":1.0543969999999945,"failureMessages":[],"meta":{}},{"ancestorTitles":["ReactiveArray","numeric index reactivity"],"fullName":"ReactiveArray numeric index reactivity should handle out-of-bounds index access","status":"passed","title":"should handle out-of-bounds index access","duration":0.6792940000000272,"failureMessages":[],"meta":{}},{"ancestorTitles":["ReactiveArray","length reactivity"],"fullName":"ReactiveArray length reactivity should track dependencies when pushing","status":"passed","title":"should track dependencies when pushing","duration":0.5933979999999792,"failureMessages":[],"meta":{}},{"ancestorTitles":["ReactiveArray","length reactivity"],"fullName":"ReactiveArray length reactivity should track dependencies when length changes due to index assignment","status":"passed","title":"should track dependencies when length changes due to index assignment","duration":0.45791700000006585,"failureMessages":[],"meta":{}},{"ancestorTitles":["ReactiveArray","length reactivity"],"fullName":"ReactiveArray length reactivity should track dependencies when length changes due to push","status":"passed","title":"should track dependencies when length changes due to push","duration":0.2606069999999363,"failureMessages":[],"meta":{}},{"ancestorTitles":["ReactiveArray","length reactivity"],"fullName":"ReactiveArray length reactivity should track dependencies when length changes due to pop","status":"passed","title":"should track dependencies when length changes due to pop","duration":0.2893370000000459,"failureMessages":[],"meta":{}},{"ancestorTitles":["ReactiveArray","array mimicry"],"fullName":"ReactiveArray array mimicry should return an array","status":"passed","title":"should return an array","duration":0.1597790000000714,"failureMessages":[],"meta":{}},{"ancestorTitles":["ReactiveArray","array mimicry"],"fullName":"ReactiveArray array mimicry should flatmap","status":"passed","title":"should flatmap","duration":0.6402239999999892,"failureMessages":[],"meta":{}},{"ancestorTitles":["ReactiveArray","array mimicry"],"fullName":"ReactiveArray array mimicry should be flatmapped","status":"passed","title":"should be flatmapped","duration":0.20381899999995312,"failureMessages":[],"meta":{}},{"ancestorTitles":["ReactiveArray","push and pop methods"],"fullName":"ReactiveArray push and pop methods should handle push with reactivity","status":"passed","title":"should handle push with reactivity","duration":0.512740000000008,"failureMessages":[],"meta":{}},{"ancestorTitles":["ReactiveArray","push and pop methods"],"fullName":"ReactiveArray push and pop methods should handle pop with reactivity","status":"passed","title":"should handle pop with reactivity","duration":0.38708199999996395,"failureMessages":[],"meta":{}},{"ancestorTitles":["ReactiveArray","shift and unshift methods"],"fullName":"ReactiveArray shift and unshift methods should handle shift with reactivity","status":"passed","title":"should handle shift with reactivity","duration":0.46581800000001294,"failureMessages":[],"meta":{}},{"ancestorTitles":["ReactiveArray","shift and unshift methods"],"fullName":"ReactiveArray shift and unshift methods should handle unshift with reactivity","status":"passed","title":"should handle unshift with reactivity","duration":0.3139780000000201,"failureMessages":[],"meta":{}},{"ancestorTitles":["ReactiveArray","splice method"],"fullName":"ReactiveArray splice method should handle splice with deletion only","status":"passed","title":"should handle splice with deletion only","duration":0.36041899999997895,"failureMessages":[],"meta":{}},{"ancestorTitles":["ReactiveArray","splice method"],"fullName":"ReactiveArray splice method should handle splice with insertion only","status":"passed","title":"should handle splice with insertion only","duration":0.24246400000004087,"failureMessages":[],"meta":{}},{"ancestorTitles":["ReactiveArray","splice method"],"fullName":"ReactiveArray splice method should handle splice with replacement","status":"passed","title":"should handle splice with replacement","duration":0.3326399999999694,"failureMessages":[],"meta":{}},{"ancestorTitles":["ReactiveArray","splice method"],"fullName":"ReactiveArray splice method should handle splice with negative start index","status":"passed","title":"should handle splice with negative start index","duration":0.2425230000000056,"failureMessages":[],"meta":{}},{"ancestorTitles":["ReactiveArray","splice method"],"fullName":"ReactiveArray splice method should handle splice without deleteCount parameter","status":"passed","title":"should handle splice without deleteCount parameter","duration":0.3128399999999374,"failureMessages":[],"meta":{}},{"ancestorTitles":["ReactiveArray","reverse method"],"fullName":"ReactiveArray reverse method should handle reverse with reactivity","status":"passed","title":"should handle reverse with reactivity","duration":0.4010809999999765,"failureMessages":[],"meta":{}},{"ancestorTitles":["ReactiveArray","sort method"],"fullName":"ReactiveArray sort method should handle sort with reactivity","status":"passed","title":"should handle sort with reactivity","duration":5.052555999999981,"failureMessages":[],"meta":{}},{"ancestorTitles":["ReactiveArray","sort method"],"fullName":"ReactiveArray sort method should handle sort with compare function","status":"passed","title":"should handle sort with compare function","duration":0.5146270000000186,"failureMessages":[],"meta":{}},{"ancestorTitles":["ReactiveArray","fill method"],"fullName":"ReactiveArray fill method should handle fill with reactivity","status":"passed","title":"should handle fill with reactivity","duration":0.4487819999999374,"failureMessages":[],"meta":{}},{"ancestorTitles":["ReactiveArray","fill method"],"fullName":"ReactiveArray fill method should handle fill without start and end parameters","status":"passed","title":"should handle fill without start and end parameters","duration":0.45820400000002337,"failureMessages":[],"meta":{}},{"ancestorTitles":["ReactiveArray","fill method"],"fullName":"ReactiveArray fill method should handle fill with only start parameter","status":"passed","title":"should handle fill with only start parameter","duration":0.356593000000089,"failureMessages":[],"meta":{}},{"ancestorTitles":["ReactiveArray","copyWithin method"],"fullName":"ReactiveArray copyWithin method should handle copyWithin with reactivity","status":"passed","title":"should handle copyWithin with reactivity","duration":0.31087800000000243,"failureMessages":[],"meta":{}},{"ancestorTitles":["ReactiveArray","copyWithin method"],"fullName":"ReactiveArray copyWithin method should handle copyWithin without end parameter","status":"passed","title":"should handle copyWithin without end parameter","duration":0.2632290000000239,"failureMessages":[],"meta":{}},{"ancestorTitles":["ReactiveArray","mixed index and length reactivity"],"fullName":"ReactiveArray mixed index and length reactivity should track both index and length changes in same effect","status":"passed","title":"should track both index and length changes in same effect","duration":0.3215659999999616,"failureMessages":[],"meta":{}},{"ancestorTitles":["ReactiveArray","mixed index and length reactivity"],"fullName":"ReactiveArray mixed index and length reactivity should handle array expansion correctly","status":"passed","title":"should handle array expansion correctly","duration":0.21258000000000266,"failureMessages":[],"meta":{}},{"ancestorTitles":["ReactiveArray","iterator methods"],"fullName":"ReactiveArray iterator methods should track allProps for entries()","status":"passed","title":"should track allProps for entries()","duration":0.2291490000000067,"failureMessages":[],"meta":{}},{"ancestorTitles":["ReactiveArray","iterator methods"],"fullName":"ReactiveArray iterator methods should only track length for keys()","status":"passed","title":"should only track length for keys()","duration":0.23425799999995434,"failureMessages":[],"meta":{}},{"ancestorTitles":["ReactiveArray","iterator methods"],"fullName":"ReactiveArray iterator methods should track allProps for values()","status":"passed","title":"should track allProps for values()","duration":0.23902399999997215,"failureMessages":[],"meta":{}},{"ancestorTitles":["ReactiveArray","iterator methods"],"fullName":"ReactiveArray iterator methods should track allProps for Symbol.iterator","status":"passed","title":"should track allProps for Symbol.iterator","duration":0.3129229999999552,"failureMessages":[],"meta":{}},{"ancestorTitles":["ReactiveArray","iterator methods"],"fullName":"ReactiveArray iterator methods should work with for...of loops","status":"passed","title":"should work with for...of loops","duration":0.3227040000000443,"failureMessages":[],"meta":{}},{"ancestorTitles":["ReactiveArray","basic functionality"],"fullName":"ReactiveArray basic functionality should handle empty arrays","status":"passed","title":"should handle empty arrays","duration":0.251671999999985,"failureMessages":[],"meta":{}},{"ancestorTitles":["ReactiveArray","basic functionality","query methods"],"fullName":"ReactiveArray basic functionality query methods should track anyProps for indexOf()","status":"passed","title":"should track anyProps for indexOf()","duration":0.5860330000000431,"failureMessages":[],"meta":{}},{"ancestorTitles":["ReactiveArray","basic functionality","query methods"],"fullName":"ReactiveArray basic functionality query methods should track anyProps for find()","status":"passed","title":"should track anyProps for find()","duration":0.5294620000000805,"failureMessages":[],"meta":{}},{"ancestorTitles":["ReactiveArray","basic functionality","query methods"],"fullName":"ReactiveArray basic functionality query methods should track anyProps for every()","status":"passed","title":"should track anyProps for every()","duration":0.46046499999999924,"failureMessages":[],"meta":{}},{"ancestorTitles":["ReactiveArray","basic functionality","query methods"],"fullName":"ReactiveArray basic functionality query methods should track anyProps for filter()","status":"passed","title":"should track anyProps for filter()","duration":0.5356469999999263,"failureMessages":[],"meta":{}},{"ancestorTitles":["ReactiveArray","basic functionality","query methods"],"fullName":"ReactiveArray basic functionality query methods should track anyProps for map()","status":"passed","title":"should track anyProps for map()","duration":0.3780890000000454,"failureMessages":[],"meta":{}},{"ancestorTitles":["ReactiveArray","basic functionality","query methods"],"fullName":"ReactiveArray basic functionality query methods should track anyProps for reduce()","status":"passed","title":"should track anyProps for reduce()","duration":0.23744199999998727,"failureMessages":[],"meta":{}},{"ancestorTitles":["ReactiveArray","basic functionality","query methods"],"fullName":"ReactiveArray basic functionality query methods should track anyProps for reduceRight()","status":"passed","title":"should track anyProps for reduceRight()","duration":0.2767629999999599,"failureMessages":[],"meta":{}},{"ancestorTitles":["ReactiveArray","basic functionality","query methods"],"fullName":"ReactiveArray basic functionality query methods should track anyProps for slice()","status":"passed","title":"should track anyProps for slice()","duration":0.3385959999999386,"failureMessages":[],"meta":{}},{"ancestorTitles":["ReactiveArray","basic functionality","query methods"],"fullName":"ReactiveArray basic functionality query methods should track anyProps for concat()","status":"passed","title":"should track anyProps for concat()","duration":0.3680100000000266,"failureMessages":[],"meta":{}},{"ancestorTitles":["ReactiveArray","basic functionality","query methods"],"fullName":"ReactiveArray basic functionality query methods should track anyProps for join()","status":"passed","title":"should track anyProps for join()","duration":0.3468369999999368,"failureMessages":[],"meta":{}},{"ancestorTitles":["ReactiveArray","basic functionality","query methods"],"fullName":"ReactiveArray basic functionality query methods should track anyProps for forEach()","status":"passed","title":"should track anyProps for forEach()","duration":0.3809489999999869,"failureMessages":[],"meta":{}},{"ancestorTitles":["ReactiveArray","basic functionality","query methods"],"fullName":"ReactiveArray basic functionality query methods should react when iterating a pre-fetched Symbol.iterator","status":"passed","title":"should react when iterating a pre-fetched Symbol.iterator","duration":0.5989170000000286,"failureMessages":[],"meta":{}},{"ancestorTitles":["ReactiveArray","basic functionality"],"fullName":"ReactiveArray basic functionality should work with reactive() function","status":"passed","title":"should work with reactive() function","duration":0.5723260000000892,"failureMessages":[],"meta":{}}],"startTime":1769838999744,"endTime":1769838999775.5989,"status":"passed","message":"","name":"/home/fmdm/dev/ownk/mutts/tests/reactive/array.test.ts"},{"assertionResults":[{"ancestorTitles":["Effect async cancellation"],"fullName":"Effect async cancellation should cancel previous async execution when effect is retriggered","status":"passed","title":"should cancel previous async execution when effect is retriggered","duration":204.808766,"failureMessages":[],"meta":{}},{"ancestorTitles":["Effect async cancellation"],"fullName":"Effect async cancellation should handle promise chains correctly when canceled","status":"passed","title":"should handle promise chains correctly when canceled","duration":201.393727,"failureMessages":[],"meta":{}},{"ancestorTitles":["Effect async cancellation"],"fullName":"Effect async cancellation should handle ignore mode","status":"passed","title":"should handle ignore mode","duration":173.63853599999993,"failureMessages":[],"meta":{}},{"ancestorTitles":["Effect async cancellation"],"fullName":"Effect async cancellation should default to cancel mode","status":"passed","title":"should default to cancel mode","duration":201.946909,"failureMessages":[],"meta":{}},{"ancestorTitles":["Effect async cancellation"],"fullName":"Effect async cancellation should not affect synchronous effects","status":"passed","title":"should not affect synchronous effects","duration":0.8624700000000303,"failureMessages":[],"meta":{}}],"startTime":1769838999740,"endTime":1769839000522.8625,"status":"passed","message":"","name":"/home/fmdm/dev/ownk/mutts/tests/reactive/async-cancel.test.ts"},{"assertionResults":[{"ancestorTitles":["Atomic Decorator Nested"],"fullName":"Atomic Decorator Nested should propagate return value in nested immediate batch","status":"passed","title":"should propagate return value in nested immediate batch","duration":1.5393320000000017,"failureMessages":[],"meta":{}},{"ancestorTitles":["Atomic Decorator Nested"],"fullName":"Atomic Decorator Nested should propagate return value in nested non-immediate batch","status":"passed","title":"should propagate return value in nested non-immediate batch","duration":0.533362000000011,"failureMessages":[],"meta":{}}],"startTime":1769839000399,"endTime":1769839000400.5393,"status":"passed","message":"","name":"/home/fmdm/dev/ownk/mutts/tests/reactive/atomic-nested.test.ts"},{"assertionResults":[{"ancestorTitles":["@atomic decorator","basic functionality"],"fullName":"@atomic decorator basic functionality should batch effects when method is called","status":"passed","title":"should batch effects when method is called","duration":5.32863900000001,"failureMessages":[],"meta":{}},{"ancestorTitles":["@atomic decorator","basic functionality"],"fullName":"@atomic decorator basic functionality should work with reactive class instances","status":"passed","title":"should work with reactive class instances","duration":1.298731000000032,"failureMessages":[],"meta":{}},{"ancestorTitles":["@atomic decorator","basic functionality"],"fullName":"@atomic decorator basic functionality should batch effects from nested reactive objects","status":"passed","title":"should batch effects from nested reactive objects","duration":1.321518000000026,"failureMessages":[],"meta":{}},{"ancestorTitles":["@atomic decorator","effect batching behavior"],"fullName":"@atomic decorator effect batching behavior should execute function immediately but batch effects","status":"passed","title":"should execute function immediately but batch effects","duration":1.0276450000000068,"failureMessages":[],"meta":{}},{"ancestorTitles":["@atomic decorator","effect batching behavior"],"fullName":"@atomic decorator effect batching behavior should handle cascading effects within atomic method","status":"passed","title":"should handle cascading effects within atomic method","duration":0.8985620000000267,"failureMessages":[],"meta":{}},{"ancestorTitles":["@atomic decorator","effect batching behavior"],"fullName":"@atomic decorator effect batching behavior should batch effects when calling multiple atomic methods","status":"passed","title":"should batch effects when calling multiple atomic methods","duration":1.5090240000000108,"failureMessages":[],"meta":{}},{"ancestorTitles":["@atomic decorator","nested atomic methods"],"fullName":"@atomic decorator nested atomic methods should handle nested atomic method calls","status":"passed","title":"should handle nested atomic method calls","duration":0.874054000000001,"failureMessages":[],"meta":{}},{"ancestorTitles":["@atomic decorator","nested atomic methods"],"fullName":"@atomic decorator nested atomic methods should handle deeply nested atomic method calls","status":"passed","title":"should handle deeply nested atomic method calls","duration":0.8108259999999632,"failureMessages":[],"meta":{}},{"ancestorTitles":["@atomic decorator","error handling"],"fullName":"@atomic decorator error handling should handle errors in atomic methods","status":"passed","title":"should handle errors in atomic methods","duration":1.3267099999999914,"failureMessages":[],"meta":{}},{"ancestorTitles":["@atomic decorator","error handling"],"fullName":"@atomic decorator error handling should handle errors in nested atomic methods","status":"passed","title":"should handle errors in nested atomic methods","duration":0.893098000000009,"failureMessages":[],"meta":{}}],"startTime":1769839000126,"endTime":1769839000141.893,"status":"passed","message":"","name":"/home/fmdm/dev/ownk/mutts/tests/reactive/atomic.test.ts"},{"assertionResults":[{"ancestorTitles":["biDi"],"fullName":"biDi should create bidirectional binding without infinite loops","status":"passed","title":"should create bidirectional binding without infinite loops","duration":3.6955730000000244,"failureMessages":[],"meta":{}},{"ancestorTitles":["biDi"],"fullName":"biDi should work with object syntax for get/set","status":"passed","title":"should work with object syntax for get/set","duration":0.7048490000000243,"failureMessages":[],"meta":{}},{"ancestorTitles":["biDi"],"fullName":"biDi should handle rapid successive updates","status":"passed","title":"should handle rapid successive updates","duration":1.0191429999999855,"failureMessages":[],"meta":{}},{"ancestorTitles":["biDi"],"fullName":"biDi should handle multiple independent bindings","status":"passed","title":"should handle multiple independent bindings","duration":1.062464000000034,"failureMessages":[],"meta":{}},{"ancestorTitles":["biDi"],"fullName":"biDi should work with nested property paths","status":"passed","title":"should work with nested property paths","duration":0.7537389999999959,"failureMessages":[],"meta":{}}],"startTime":1769839000228,"endTime":1769839000235.7537,"status":"passed","message":"","name":"/home/fmdm/dev/ownk/mutts/tests/reactive/bidi.test.ts"},{"assertionResults":[{"ancestorTitles":["@reactive decorator"],"fullName":"@reactive decorator should make class instances reactive using decorator","status":"passed","title":"should make class instances reactive using decorator","duration":5.669459999999958,"failureMessages":[],"meta":{}},{"ancestorTitles":["@reactive decorator"],"fullName":"@reactive decorator should track property changes on reactive class instances","status":"passed","title":"should track property changes on reactive class instances","duration":1.9026349999999184,"failureMessages":[],"meta":{}},{"ancestorTitles":["@reactive decorator"],"fullName":"@reactive decorator should work with inheritance","status":"passed","title":"should work with inheritance","duration":1.115274999999997,"failureMessages":[],"meta":{}},{"ancestorTitles":["@reactive decorator"],"fullName":"@reactive decorator should handle method calls that modify properties","status":"passed","title":"should handle method calls that modify properties","duration":1.6165059999999585,"failureMessages":[],"meta":{}},{"ancestorTitles":["@reactive decorator"],"fullName":"@reactive decorator should work with functional syntax","status":"passed","title":"should work with functional syntax","duration":0.7376010000000406,"failureMessages":[],"meta":{}},{"ancestorTitles":["ReactiveBase"],"fullName":"ReactiveBase should make classes extending ReactiveBase reactive when decorated","status":"passed","title":"should make classes extending ReactiveBase reactive when decorated","duration":1.1643040000000155,"failureMessages":[],"meta":{}},{"ancestorTitles":["ReactiveBase"],"fullName":"ReactiveBase should solve constructor reactivity issues","status":"passed","title":"should solve constructor reactivity issues","duration":0.5164760000000115,"failureMessages":[],"meta":{}},{"ancestorTitles":["ReactiveBase"],"fullName":"ReactiveBase should work with complex inheritance trees","status":"passed","title":"should work with complex inheritance trees","duration":1.4129839999999376,"failureMessages":[],"meta":{}},{"ancestorTitles":["ReactiveBase"],"fullName":"ReactiveBase should not affect classes that do not extend ReactiveBase","status":"passed","title":"should not affect classes that do not extend ReactiveBase","duration":1.0157030000000304,"failureMessages":[],"meta":{}},{"ancestorTitles":["reactive function"],"fullName":"reactive function should work with classes","status":"passed","title":"should work with classes","duration":0.8993229999999812,"failureMessages":[],"meta":{}},{"ancestorTitles":["reactive function"],"fullName":"reactive function should warn when used with inheritance","status":"failed","title":"should warn when used with inheritance","duration":6.032943000000046,"failureMessages":["ReferenceError: jest is not defined\n    at /home/fmdm/dev/ownk/mutts/tests/reactive/decorators-reactive.test.ts:341:22\n    at file:///home/fmdm/dev/ownk/mutts/node_modules/@vitest/runner/dist/index.js:145:11\n    at file:///home/fmdm/dev/ownk/mutts/node_modules/@vitest/runner/dist/index.js:915:26\n    at file:///home/fmdm/dev/ownk/mutts/node_modules/@vitest/runner/dist/index.js:1243:20\n    at new Promise (<anonymous>)\n    at runWithTimeout (file:///home/fmdm/dev/ownk/mutts/node_modules/@vitest/runner/dist
[...]
object prototype chains should handle shadowing in pure object chains","status":"passed","title":"should handle shadowing in pure object chains","duration":0.9690130000000181,"failureMessages":[],"meta":{}},{"ancestorTitles":["pure objects and prototype chains","objects with instance as prototype (Object.create(instance))"],"fullName":"pure objects and prototype chains objects with instance as prototype (Object.create(instance)) should track properties when instance is used as prototype","status":"passed","title":"should track properties when instance is used as prototype","duration":0.8297910000000002,"failureMessages":[],"meta":{}},{"ancestorTitles":["pure objects and prototype chains","objects with instance as prototype (Object.create(instance))"],"fullName":"pure objects and prototype chains objects with instance as prototype (Object.create(instance)) should handle shadowing when instance is prototype","status":"passed","title":"should handle shadowing when instance is prototype","duration":0.7186339999999518,"failureMessages":[],"meta":{}},{"ancestorTitles":["pure objects and prototype chains","objects with instance as prototype (Object.create(instance))"],"fullName":"pure objects and prototype chains objects with instance as prototype (Object.create(instance)) should track nested objects when instance is prototype","status":"passed","title":"should track nested objects when instance is prototype","duration":0.4271110000000249,"failureMessages":[],"meta":{}},{"ancestorTitles":["pure objects and prototype chains","objects with instance as prototype (Object.create(instance))"],"fullName":"pure objects and prototype chains objects with instance as prototype (Object.create(instance)) should track nested objects with deep touch","status":"passed","title":"should track nested objects with deep touch","duration":1.3492469999999912,"failureMessages":[],"meta":{}},{"ancestorTitles":["pure objects and prototype chains","objects with instance as prototype (Object.create(instance))"],"fullName":"pure objects and prototype chains objects with instance as prototype (Object.create(instance)) should handle multi-level chain with instance in middle","status":"passed","title":"should handle multi-level chain with instance in middle","duration":1.1738719999999603,"failureMessages":[],"meta":{}},{"ancestorTitles":["pure objects and prototype chains","mixed pure objects and normal objects"],"fullName":"pure objects and prototype chains mixed pure objects and normal objects should track when pure object has normal object as prototype","status":"passed","title":"should track when pure object has normal object as prototype","duration":0.3819829999999911,"failureMessages":[],"meta":{}},{"ancestorTitles":["pure objects and prototype chains","mixed pure objects and normal objects"],"fullName":"pure objects and prototype chains mixed pure objects and normal objects should track when normal object has pure object as prototype","status":"passed","title":"should track when normal object has pure object as prototype","duration":0.3258769999999913,"failureMessages":[],"meta":{}},{"ancestorTitles":["pure objects and prototype chains","edge cases"],"fullName":"pure objects and prototype chains edge cases should handle Object.create with multiple reactive instances","status":"passed","title":"should handle Object.create with multiple reactive instances","duration":0.4381700000000137,"failureMessages":[],"meta":{}},{"ancestorTitles":["pure objects and prototype chains","edge cases"],"fullName":"pure objects and prototype chains edge cases should handle deep nesting with instance prototype","status":"passed","title":"should handle deep nesting with instance prototype","duration":0.3739649999999983,"failureMessages":[],"meta":{}},{"ancestorTitles":["pure objects and prototype chains","edge cases"],"fullName":"pure objects and prototype chains edge cases should handle property addition to instance used as prototype","status":"passed","title":"should handle property addition to instance used as prototype","duration":0.34342599999996537,"failureMessages":[],"meta":{}},{"ancestorTitles":["pure objects and prototype chains","edge cases"],"fullName":"pure objects and prototype chains edge cases should handle pure object with class prototype (should not walk into class)","status":"passed","title":"should handle pure object with class prototype (should not walk into class)","duration":0.3549009999999839,"failureMessages":[],"meta":{}},{"ancestorTitles":["pure objects and prototype chains","edge cases"],"fullName":"pure objects and prototype chains edge cases should handle Object.create(null) then adding prototype later","status":"passed","title":"should handle Object.create(null) then adding prototype later","duration":0.3431019999999876,"failureMessages":[],"meta":{}},{"ancestorTitles":["pure objects and prototype chains","cascading effects with prototypes"],"fullName":"pure objects and prototype chains cascading effects with prototypes should handle cascading effects through prototype chain","status":"passed","title":"should handle cascading effects through prototype chain","duration":0.49468400000000656,"failureMessages":[],"meta":{}},{"ancestorTitles":["pure objects and prototype chains","cascading effects with prototypes"],"fullName":"pure objects and prototype chains cascading effects with prototypes should handle nested effects with instance prototype","status":"passed","title":"should handle nested effects with instance prototype","duration":0.6668979999999465,"failureMessages":[],"meta":{}}],"startTime":1769838999883,"endTime":1769838999910.667,"status":"passed","message":"","name":"/home/fmdm/dev/ownk/mutts/tests/reactive/pure-objects-and-prototypes.test.ts"},{"assertionResults":[{"ancestorTitles":["reactive","basic functionality"],"fullName":"reactive basic functionality should make objects reactive","status":"passed","title":"should make objects reactive","duration":2.491295000000008,"failureMessages":[],"meta":{}},{"ancestorTitles":["reactive","basic functionality"],"fullName":"reactive basic functionality should not make primitives reactive","status":"passed","title":"should not make primitives reactive","duration":0.5563600000000122,"failureMessages":[],"meta":{}},{"ancestorTitles":["reactive","basic functionality"],"fullName":"reactive basic functionality should return same proxy for same object","status":"passed","title":"should return same proxy for same object","duration":0.3089870000000019,"failureMessages":[],"meta":{}},{"ancestorTitles":["reactive","basic functionality"],"fullName":"reactive basic functionality should return same proxy when called on proxy","status":"passed","title":"should return same proxy when called on proxy","duration":0.5178549999999973,"failureMessages":[],"meta":{}},{"ancestorTitles":["reactive","property access and modification"],"fullName":"reactive property access and modification should allow reading properties","status":"passed","title":"should allow reading properties","duration":0.7957879999999875,"failureMessages":[],"meta":{}},{"ancestorTitles":["reactive","property access and modification"],"fullName":"reactive property access and modification should allow setting properties","status":"passed","title":"should allow setting properties","duration":0.8190779999999904,"failureMessages":[],"meta":{}},{"ancestorTitles":["reactive","property access and modification"],"fullName":"reactive property access and modification should handle numeric properties","status":"passed","title":"should handle numeric properties","duration":0.5652489999999943,"failureMessages":[],"meta":{}},{"ancestorTitles":["reactive","property access and modification"],"fullName":"reactive property access and modification should handle symbol properties","status":"passed","title":"should handle symbol properties","duration":0.4208639999999946,"failureMessages":[],"meta":{}},{"ancestorTitles":["reactive","unwrap functionality"],"fullName":"reactive unwrap functionality should unwrap reactive objects","status":"passed","title":"should unwrap reactive objects","duration":1.254443000000009,"failureMessages":[],"meta":{}},{"ancestorTitles":["reactive","unwrap functionality"],"fullName":"reactive unwrap functionality should return non-reactive objects as-is","status":"passed","title":"should return non-reactive objects as-is","duration":0.2985570000000166,"failureMessages":[],"meta":{}}],"startTime":1769839000396,"endTime":1769839000405.2986,"status":"passed","message":"","name":"/home/fmdm/dev/ownk/mutts/tests/reactive/reactive.test.ts"},{"assertionResults":[{"ancestorTitles":["organized"],"fullName":"organized should mirror entries with per-key cleanups","status":"passed","title":"should mirror entries with per-key cleanups","duration":4.284221000000002,"failureMessages":[],"meta":{}},{"ancestorTitles":["organized"],"fullName":"organized should support custom target structures","status":"passed","title":"should support custom target structures","duration":1.0205530000000067,"failureMessages":[],"meta":{}}],"startTime":1769839000385,"endTime":1769839000390.0205,"status":"passed","message":"","name":"/home/fmdm/dev/ownk/mutts/tests/reactive/record.test.ts"},{"assertionResults":[{"ancestorTitles":["recursive touching option","when recursiveTouching is enabled (default)"],"fullName":"recursive touching option when recursiveTouching is enabled (default) should NOT trigger parent effects when object is replaced with same prototype","status":"passed","title":"should NOT trigger parent effects when object is replaced with same prototype","duration":3.824328000000037,"failureMessages":[],"meta":{}},{"ancestorTitles":["recursive touching option","when recursiveTouching is disabled"],"fullName":"recursive touching option when recursiveTouching is disabled should trigger parent effects when object is replaced with same prototype","status":"passed","title":"should trigger parent effects when object is replaced with same prototype","duration":1.2980499999999893,"failureMessages":[],"meta":{}},{"ancestorTitles":["recursive touching option","arrays"],"fullName":"recursive touching option arrays should NOT trigger parent effect when arrays are replaced with recursive touching enabled","status":"passed","title":"should NOT trigger parent effect when arrays are replaced with recursive touching enabled","duration":0.8660009999999829,"failureMessages":[],"meta":{}},{"ancestorTitles":["recursive touching option","arrays"],"fullName":"recursive touching option arrays should trigger parent effect when arrays are replaced with recursive touching disabled","status":"passed","title":"should trigger parent effect when arrays are replaced with recursive touching disabled","duration":0.6177920000000086,"failureMessages":[],"meta":{}},{"ancestorTitles":["recursive touching option","nested objects"],"fullName":"recursive touching option nested objects should NOT trigger parent effect when nested objects are replaced with recursive touching enabled","status":"passed","title":"should NOT trigger parent effect when nested objects are replaced with recursive touching enabled","duration":0.6374649999999633,"failureMessages":[],"meta":{}},{"ancestorTitles":["recursive touching option","nested objects"],"fullName":"recursive touching option nested objects should trigger parent effect when nested objects are replaced with recursive touching disabled","status":"passed","title":"should trigger parent effect when nested objects are replaced with recursive touching disabled","duration":0.3953339999999912,"failureMessages":[],"meta":{}},{"ancestorTitles":["recursive touching option","primitive values"],"fullName":"recursive touching option primitive values should always trigger effect when primitive is replaced (regardless of option)","status":"passed","title":"should always trigger effect when primitive is replaced (regardless of option)","duration":0.3724369999999908,"failureMessages":[],"meta":{}},{"ancestorTitles":["recursive touching option","Map and WeakMap"],"fullName":"recursive touching option Map and WeakMap should use recursive touch when enabled","status":"passed","title":"should use recursive touch when enabled","duration":0.452225999999996,"failureMessages":[],"meta":{}},{"ancestorTitles":["recursive touching option","Map and WeakMap"],"fullName":"recursive touching option Map and WeakMap should NOT use recursive touch when disabled","status":"passed","title":"should NOT use recursive touch when disabled","duration":0.4134960000000092,"failureMessages":[],"meta":{}},{"ancestorTitles":["recursive touching option","Map and WeakMap"],"fullName":"recursive touching option Map and WeakMap should work with WeakMap too","status":"passed","title":"should work with WeakMap too","duration":0.5034109999999714,"failureMessages":[],"meta":{}}],"startTime":1769839000126,"endTime":1769839000136.5034,"status":"passed","message":"","name":"/home/fmdm/dev/ownk/mutts/tests/reactive/recursive-touching-option.test.ts"},{"assertionResults":[{"ancestorTitles":["Register"],"fullName":"Register behaves like an array with indexable access and core mutations","status":"passed","title":"behaves like an array with indexable access and core mutations","duration":13.04692799999998,"failureMessages":[],"meta":{}},{"ancestorTitles":["Register"],"fullName":"Register shares values across identical keys","status":"passed","title":"shares values across identical keys","duration":1.8962879999999132,"failureMessages":[],"meta":{}},{"ancestorTitles":["Register"],"fullName":"Register notifies reactive consumers on length and value changes","status":"passed","title":"notifies reactive consumers on length and value changes","duration":1.7752460000000383,"failureMessages":[],"meta":{}},{"ancestorTitles":["Register"],"fullName":"Register rekeys items when key function output changes","status":"passed","title":"rekeys items when key function output changes","duration":1.184615000000008,"failureMessages":[],"meta":{}}],"startTime":1769838999737,"endTime":1769838999755.1846,"status":"passed","message":"","name":"/home/fmdm/dev/ownk/mutts/tests/reactive/register.test.ts"},{"assertionResults":[],"startTime":1769838999141,"endTime":1769838999141,"status":"failed","message":"One must import the library from the server or the client side","name":"/home/fmdm/dev/ownk/mutts/tests/reactive/root-function.test.ts"},{"assertionResults":[{"ancestorTitles":["scan"],"fullName":"scan scans an array reactively","status":"passed","title":"scans an array reactively","duration":11.689167999999995,"failureMessages":[],"meta":{}},{"ancestorTitles":["scan"],"fullName":"scan optimizes updates when items move","status":"passed","title":"optimizes updates when items move","duration":3.178258000000028,"failureMessages":[],"meta":{}},{"ancestorTitles":["scan"],"fullName":"scan handles duplicate items","status":"passed","title":"handles duplicate items","duration":1.6450570000000653,"failureMessages":[],"meta":{}}],"startTime":1769838999738,"endTime":1769838999755.645,"status":"passed","message":"","name":"/home/fmdm/dev/ownk/mutts/tests/reactive/scan.test.ts"},{"assertionResults":[{"ancestorTitles":["ReactiveWeakSet","reactive operations"],"fullName":"ReactiveWeakSet reactive operations should track dependencies when checking existence","status":"passed","title":"should track dependencies when checking existence","duration":4.015724999999975,"failureMessages":[],"meta":{}},{"ancestorTitles":["ReactiveWeakSet","reactive operations"],"fullName":"ReactiveWeakSet reactive operations should not trigger when deleting non-existent keys","status":"passed","title":"should not trigger when deleting non-existent keys","duration":0.5876279999999952,"failureMessages":[],"meta":{}},{"ancestorTitles":["ReactiveWeakSet","toStringTag"],"fullName":"ReactiveWeakSet toStringTag should have correct toStringTag","status":"passed","title":"should have correct toStringTag","duration":0.2655550000000062,"failureMessages":[],"meta":{}},{"ancestorTitles":["ReactiveSet","reactive operations"],"fullName":"ReactiveSet reactive operations should track size dependencies","status":"passed","title":"should track size dependencies","duration":0.754748999999947,"failureMessages":[],"meta":{}},{"ancestorTitles":["ReactiveSet","reactive operations"],"fullName":"ReactiveSet reactive operations should track dependencies when checking existence","status":"passed","title":"should track dependencies when checking existence","duration":0.8411460000000375,"failureMessages":[],"meta":{}},{"ancestorTitles":["ReactiveSet","reactive operations"],"fullName":"ReactiveSet reactive operations should trigger effects when adding new values","status":"passed","title":"should trigger effects when adding new values","duration":0.6033039999999801,"failureMessages":[],"meta":{}},{"ancestorTitles":["ReactiveSet","reactive operations"],"fullName":"ReactiveSet reactive operations should trigger effects when deleting values","status":"passed","title":"should trigger effects when deleting values","duration":0.43962700000002997,"failureMessages":[],"meta":{}},{"ancestorTitles":["ReactiveSet","reactive operations"],"fullName":"ReactiveSet reactive operations should not trigger effects when deleting non-existent values","status":"passed","title":"should not trigger effects when deleting non-existent values","duration":0.30118999999996277,"failureMessages":[],"meta":{}},{"ancestorTitles":["ReactiveSet","allProps reactivity"],"fullName":"ReactiveSet allProps reactivity should trigger allProps effects when adding values","status":"passed","title":"should trigger allProps effects when adding values","duration":0.7479940000000056,"failureMessages":[],"meta":{}},{"ancestorTitles":["ReactiveSet","allProps reactivity"],"fullName":"ReactiveSet allProps reactivity should trigger allProps effects when deleting values","status":"passed","title":"should trigger allProps effects when deleting values","duration":0.7284840000000372,"failureMessages":[],"meta":{}},{"ancestorTitles":["ReactiveSet","allProps reactivity"],"fullName":"ReactiveSet allProps reactivity should trigger allProps effects when clearing","status":"passed","title":"should trigger allProps effects when clearing","duration":0.6337030000000254,"failureMessages":[],"meta":{}},{"ancestorTitles":["ReactiveSet","iteration methods"],"fullName":"ReactiveSet iteration methods should track allProps for entries()","status":"passed","title":"should track allProps for entries()","duration":0.3274809999999775,"failureMessages":[],"meta":{}},{"ancestorTitles":["ReactiveSet","iteration methods"],"fullName":"ReactiveSet iteration methods should track allProps for forEach()","status":"passed","title":"should track allProps for forEach()","duration":0.27736199999998234,"failureMessages":[],"meta":{}},{"ancestorTitles":["ReactiveSet","iteration methods"],"fullName":"ReactiveSet iteration methods should track allProps for keys() and values() and iterator","status":"passed","title":"should track allProps for keys() and values() and iterator","duration":0.5179380000000151,"failureMessages":[],"meta":{}},{"ancestorTitles":["ReactiveSet","seamless reactive integration"],"fullName":"ReactiveSet seamless reactive integration should automatically create ReactiveSet when using reactive() on native Set","status":"passed","title":"should automatically create ReactiveSet when using reactive() on native Set","duration":0.39599699999996574,"failureMessages":[],"meta":{}},{"ancestorTitles":["ReactiveSet","seamless reactive integration"],"fullName":"ReactiveSet seamless reactive integration should automatically create ReactiveWeakSet when using reactive() on native WeakSet","status":"passed","title":"should automatically create ReactiveWeakSet when using reactive() on native WeakSet","duration":0.29830399999997326,"failureMessages":[],"meta":{}}],"startTime":1769839000206,"endTime":1769839000219.396,"status":"passed","message":"","name":"/home/fmdm/dev/ownk/mutts/tests/reactive/set.test.ts"}]}